[debug] [2024-10-31T12:37:11.727Z] ----------------------------------------------------------------------
[debug] [2024-10-31T12:37:11.730Z] Command:       C:\Program Files\nodejs\node.exe C:\Users\flori\AppData\Roaming\npm\node_modules\firebase-tools\lib\bin\firebase.js emulators:start
[debug] [2024-10-31T12:37:11.731Z] CLI Version:   13.23.1
[debug] [2024-10-31T12:37:11.731Z] Platform:      win32
[debug] [2024-10-31T12:37:11.731Z] Node Version:  v21.6.2
[debug] [2024-10-31T12:37:11.731Z] Time:          Thu Oct 31 2024 13:37:11 GMT+0100 (Central European Standard Time)
[debug] [2024-10-31T12:37:11.732Z] ----------------------------------------------------------------------
[debug] 
[debug] [2024-10-31T12:37:11.848Z] > command requires scopes: ["email","openid","https://www.googleapis.com/auth/cloudplatformprojects.readonly","https://www.googleapis.com/auth/firebase","https://www.googleapis.com/auth/cloud-platform"]
[debug] [2024-10-31T12:37:11.848Z] > authorizing via signed-in user (florian.nijmegen@gmail.com)
[debug] [2024-10-31T12:37:12.063Z] java version "23.0.1" 2024-10-15

[debug] [2024-10-31T12:37:12.064Z] Java(TM) SE Runtime Environment (build 23.0.1+11-39)
Java HotSpot(TM) 64-Bit Server VM (build 23.0.1+11-39, mixed mode, sharing)

[debug] [2024-10-31T12:37:12.083Z] Parsed Java major version: 23
[info] i  emulators: Starting emulators: auth, firestore, database, storage {"metadata":{"emulator":{"name":"hub"},"message":"Starting emulators: auth, firestore, database, storage"}}
[debug] [2024-10-31T12:37:12.098Z] [logging] Logging Emulator only supports listening on one address (127.0.0.1). Not listening on ::1
[debug] [2024-10-31T12:37:12.098Z] [auth] Authentication Emulator only supports listening on one address (127.0.0.1). Not listening on ::1
[debug] [2024-10-31T12:37:12.098Z] [firestore] Firestore Emulator only supports listening on one address (127.0.0.1). Not listening on ::1
[debug] [2024-10-31T12:37:12.098Z] [firestore.websocket] websocket server for firestore only supports listening on one address (127.0.0.1). Not listening on ::1
[debug] [2024-10-31T12:37:12.098Z] [database] Database Emulator only supports listening on one address (127.0.0.1). Not listening on ::1
[debug] [2024-10-31T12:37:12.099Z] [storage] Storage Emulator only supports listening on one address (127.0.0.1). Not listening on ::1
[debug] [2024-10-31T12:37:12.099Z] assigned listening specs for emulators {"user":{"hub":[{"address":"127.0.0.1","family":"IPv4","port":4400},{"address":"::1","family":"IPv6","port":4400}],"ui":[{"address":"127.0.0.1","family":"IPv4","port":4000},{"address":"::1","family":"IPv6","port":4000}],"logging":[{"address":"127.0.0.1","family":"IPv4","port":4500}],"auth":[{"address":"127.0.0.1","family":"IPv4","port":9099}],"firestore":[{"address":"127.0.0.1","family":"IPv4","port":8080}],"firestore.websocket":[{"address":"127.0.0.1","family":"IPv4","port":9150}],"database":[{"address":"127.0.0.1","family":"IPv4","port":9000}],"storage":[{"address":"127.0.0.1","family":"IPv4","port":9199}]},"metadata":{"message":"assigned listening specs for emulators"}}
[debug] [2024-10-31T12:37:12.103Z] [hub] writing locator at C:\Users\flori\AppData\Local\Temp\hub-geoprofs-3f4e4.json
[debug] [2024-10-31T12:37:12.116Z] Ignoring unsupported arg: auto_download {"metadata":{"emulator":{"name":"firestore"},"message":"Ignoring unsupported arg: auto_download"}}
[debug] [2024-10-31T12:37:12.116Z] Ignoring unsupported arg: single_project_mode_error {"metadata":{"emulator":{"name":"firestore"},"message":"Ignoring unsupported arg: single_project_mode_error"}}
[debug] [2024-10-31T12:37:12.116Z] Starting Firestore Emulator with command {"binary":"java","args":["-Dgoogle.cloud_firestore.debug_log_level=FINE","-Duser.language=en","-jar","C:\\Users\\flori\\.cache\\firebase\\emulators\\cloud-firestore-emulator-v1.19.8.jar","--host","127.0.0.1","--port",8080,"--websocket_port",9150,"--project_id","geoprofs-3f4e4","--rules","C:\\Users\\flori\\OneDrive\\Bureaublad\\GeoProfs\\Geoprofs\\firestore.rules","--single_project_mode",true],"optionalArgs":["port","webchannel_port","host","rules","websocket_port","functions_emulator","seed_from_export","project_id","single_project_mode"],"joinArgs":false,"shell":false,"port":8080} {"metadata":{"emulator":{"name":"firestore"},"message":"Starting Firestore Emulator with command {\"binary\":\"java\",\"args\":[\"-Dgoogle.cloud_firestore.debug_log_level=FINE\",\"-Duser.language=en\",\"-jar\",\"C:\\\\Users\\\\flori\\\\.cache\\\\firebase\\\\emulators\\\\cloud-firestore-emulator-v1.19.8.jar\",\"--host\",\"127.0.0.1\",\"--port\",8080,\"--websocket_port\",9150,\"--project_id\",\"geoprofs-3f4e4\",\"--rules\",\"C:\\\\Users\\\\flori\\\\OneDrive\\\\Bureaublad\\\\GeoProfs\\\\Geoprofs\\\\firestore.rules\",\"--single_project_mode\",true],\"optionalArgs\":[\"port\",\"webchannel_port\",\"host\",\"rules\",\"websocket_port\",\"functions_emulator\",\"seed_from_export\",\"project_id\",\"single_project_mode\"],\"joinArgs\":false,\"shell\":false,\"port\":8080}"}}
[info] i  firestore: Firestore Emulator logging to firestore-debug.log {"metadata":{"emulator":{"name":"firestore"},"message":"Firestore Emulator logging to \u001b[1mfirestore-debug.log\u001b[22m"}}
[info] +  firestore: Firestore Emulator UI websocket is running on 9150. {"metadata":{"emulator":{"name":"firestore"},"message":"Firestore Emulator UI websocket is running on 9150."}}
[debug] [2024-10-31T12:37:16.048Z] Checked if tokens are valid: true, expires at: 1730381700405
[debug] [2024-10-31T12:37:16.048Z] Checked if tokens are valid: true, expires at: 1730381700405
[debug] [2024-10-31T12:37:16.051Z] >>> [apiv2][query] GET https://firebase.googleapis.com/v1beta1/projects/geoprofs-3f4e4 [none]
[debug] [2024-10-31T12:37:16.334Z] <<< [apiv2][status] GET https://firebase.googleapis.com/v1beta1/projects/geoprofs-3f4e4 200
[debug] [2024-10-31T12:37:16.335Z] <<< [apiv2][body] GET https://firebase.googleapis.com/v1beta1/projects/geoprofs-3f4e4 {"projectId":"geoprofs-3f4e4","projectNumber":"956083793044","displayName":"Geoprofs","name":"projects/geoprofs-3f4e4","resources":{"hostingSite":"geoprofs-3f4e4","realtimeDatabaseInstance":"geoprofs-3f4e4-default-rtdb","storageBucket":"geoprofs-3f4e4.appspot.com","locationId":"europe-west"},"state":"ACTIVE","etag":"1_67bda10f-2697-4da4-a1f9-fef3cb8170c3"}
[debug] [2024-10-31T12:37:16.336Z] database rules config:  [{"instance":"geoprofs-3f4e4-default-rtdb","rules":"C:\\Users\\flori\\OneDrive\\Bureaublad\\GeoProfs\\Geoprofs\\database.rules.json"}]
[debug] [2024-10-31T12:37:16.339Z] Ignoring unsupported arg: projectId {"metadata":{"emulator":{"name":"database"},"message":"Ignoring unsupported arg: projectId"}}
[debug] [2024-10-31T12:37:16.339Z] Ignoring unsupported arg: auto_download {"metadata":{"emulator":{"name":"database"},"message":"Ignoring unsupported arg: auto_download"}}
[debug] [2024-10-31T12:37:16.339Z] Ignoring unsupported arg: rules {"metadata":{"emulator":{"name":"database"},"message":"Ignoring unsupported arg: rules"}}
[debug] [2024-10-31T12:37:16.339Z] Starting Database Emulator with command {"binary":"java","args":["-Duser.language=en","-jar","C:\\Users\\flori\\.cache\\firebase\\emulators\\firebase-database-emulator-v4.11.2.jar","--host","127.0.0.1","--port",9000,"--single_project_mode","Warning"],"optionalArgs":["port","host","functions_emulator_port","functions_emulator_host","single_project_mode"],"joinArgs":false,"shell":false,"port":9000} {"metadata":{"emulator":{"name":"database"},"message":"Starting Database Emulator with command {\"binary\":\"java\",\"args\":[\"-Duser.language=en\",\"-jar\",\"C:\\\\Users\\\\flori\\\\.cache\\\\firebase\\\\emulators\\\\firebase-database-emulator-v4.11.2.jar\",\"--host\",\"127.0.0.1\",\"--port\",9000,\"--single_project_mode\",\"Warning\"],\"optionalArgs\":[\"port\",\"host\",\"functions_emulator_port\",\"functions_emulator_host\",\"single_project_mode\"],\"joinArgs\":false,\"shell\":false,\"port\":9000}"}}
[info] i  database: Database Emulator logging to database-debug.log {"metadata":{"emulator":{"name":"database"},"message":"Database Emulator logging to \u001b[1mdatabase-debug.log\u001b[22m"}}
[debug] [2024-10-31T12:37:35.610Z] Ignoring unsupported arg: port {"metadata":{"emulator":{"name":"storage"},"message":"Ignoring unsupported arg: port"}}
[debug] [2024-10-31T12:37:38.354Z] Temp file directory for storage emulator: C:\Users\flori\AppData\Local\Temp/firebase/storage/blobs {"metadata":{"emulator":{"name":"storage"},"message":"Temp file directory for storage emulator: C:\\Users\\flori\\AppData\\Local\\Temp/firebase/storage/blobs"}}
[info] i  ui: downloading ui-v1.14.0.zip... {"metadata":{"emulator":{"name":"ui"},"message":"downloading ui-v1.14.0.zip..."}}
[debug] [2024-10-31T12:37:38.391Z] >>> [apiv2][query] GET https://storage.googleapis.com/firebase-preview-drop/emulator/ui-v1.14.0.zip 
[debug] [2024-10-31T12:37:38.477Z] <<< [apiv2][status] GET https://storage.googleapis.com/firebase-preview-drop/emulator/ui-v1.14.0.zip 200
[debug] [2024-10-31T12:37:38.478Z] <<< [apiv2][body] GET https://storage.googleapis.com/firebase-preview-drop/emulator/ui-v1.14.0.zip [stream]
[debug] [2024-10-31T12:37:38.816Z] Data is 3615311
[debug] [2024-10-31T12:37:38.816Z] [unzip] Entry: client/ (compressed_size=0 bytes, uncompressed_size=0 bytes)
[debug] [2024-10-31T12:37:38.817Z] [unzip] Processing entry: client\
[debug] [2024-10-31T12:37:38.817Z] [unzip] mkdir: C:\Users\flori\.cache\firebase\emulators\ui-v1.14.0\client\
[debug] [2024-10-31T12:37:38.820Z] [unzip] Entry: client/favicon-16x16.png (compressed_size=293 bytes, uncompressed_size=293 bytes)
[debug] [2024-10-31T12:37:38.820Z] [unzip] Processing entry: client\favicon-16x16.png
[debug] [2024-10-31T12:37:38.820Z] [unzip] else mkdir: C:\Users\flori\.cache\firebase\emulators\ui-v1.14.0\client
[debug] [2024-10-31T12:37:38.821Z] [unzip] Writing file: C:\Users\flori\.cache\firebase\emulators\ui-v1.14.0\client\favicon-16x16.png
[debug] [2024-10-31T12:37:38.825Z] [unzip] Entry: client/safari-pinned-tab.svg (compressed_size=1433 bytes, uncompressed_size=2611 bytes)
[debug] [2024-10-31T12:37:38.825Z] [unzip] Processing entry: client\safari-pinned-tab.svg
[debug] [2024-10-31T12:37:38.825Z] [unzip] else mkdir: C:\Users\flori\.cache\firebase\emulators\ui-v1.14.0\client
[debug] [2024-10-31T12:37:38.826Z] [unzip] deflating: C:\Users\flori\.cache\firebase\emulators\ui-v1.14.0\client\safari-pinned-tab.svg
[debug] [2024-10-31T12:37:38.836Z] [unzip] Entry: client/favicon.ico (compressed_size=2933 bytes, uncompressed_size=13294 bytes)
[debug] [2024-10-31T12:37:38.837Z] [unzip] Processing entry: client\favicon.ico
[debug] [2024-10-31T12:37:38.837Z] [unzip] else mkdir: C:\Users\flori\.cache\firebase\emulators\ui-v1.14.0\client
[debug] [2024-10-31T12:37:38.838Z] [unzip] deflating: C:\Users\flori\.cache\firebase\emulators\ui-v1.14.0\client\favicon.ico
[debug] [2024-10-31T12:37:38.842Z] [unzip] Entry: client/index.html (compressed_size=1363 bytes, uncompressed_size=3071 bytes)
[debug] [2024-10-31T12:37:38.843Z] [unzip] Processing entry: client\index.html
[debug] [2024-10-31T12:37:38.843Z] [unzip] else mkdir: C:\Users\flori\.cache\firebase\emulators\ui-v1.14.0\client
[debug] [2024-10-31T12:37:38.844Z] [unzip] deflating: C:\Users\flori\.cache\firebase\emulators\ui-v1.14.0\client\index.html
[debug] [2024-10-31T12:37:38.850Z] [unzip] Entry: client/android-chrome-192x192.png (compressed_size=2684 bytes, uncompressed_size=2684 bytes)
[debug] [2024-10-31T12:37:38.850Z] [unzip] Processing entry: client\android-chrome-192x192.png
[debug] [2024-10-31T12:37:38.851Z] [unzip] else mkdir: C:\Users\flori\.cache\firebase\emulators\ui-v1.14.0\client
[debug] [2024-10-31T12:37:38.851Z] [unzip] Writing file: C:\Users\flori\.cache\firebase\emulators\ui-v1.14.0\client\android-chrome-192x192.png
[debug] [2024-10-31T12:37:38.859Z] [unzip] Entry: client/apple-touch-icon.png (compressed_size=2123 bytes, uncompressed_size=2152 bytes)
[debug] [2024-10-31T12:37:38.859Z] [unzip] Processing entry: client\apple-touch-icon.png
[debug] [2024-10-31T12:37:38.859Z] [unzip] else mkdir: C:\Users\flori\.cache\firebase\emulators\ui-v1.14.0\client
[debug] [2024-10-31T12:37:38.860Z] [unzip] deflating: C:\Users\flori\.cache\firebase\emulators\ui-v1.14.0\client\apple-touch-icon.png
[debug] [2024-10-31T12:37:38.864Z] [unzip] Entry: client/android-chrome-512x512.png (compressed_size=5369 bytes, uncompressed_size=5411 bytes)
[debug] [2024-10-31T12:37:38.864Z] [unzip] Processing entry: client\android-chrome-512x512.png
[debug] [2024-10-31T12:37:38.864Z] [unzip] else mkdir: C:\Users\flori\.cache\firebase\emulators\ui-v1.14.0\client
[debug] [2024-10-31T12:37:38.865Z] [unzip] deflating: C:\Users\flori\.cache\firebase\emulators\ui-v1.14.0\client\android-chrome-512x512.png
[debug] [2024-10-31T12:37:38.868Z] [unzip] Entry: client/manifest.json (compressed_size=245 bytes, uncompressed_size=551 bytes)
[debug] [2024-10-31T12:37:38.869Z] [unzip] Processing entry: client\manifest.json
[debug] [2024-10-31T12:37:38.869Z] [unzip] else mkdir: C:\Users\flori\.cache\firebase\emulators\ui-v1.14.0\client
[debug] [2024-10-31T12:37:38.869Z] [unzip] deflating: C:\Users\flori\.cache\firebase\emulators\ui-v1.14.0\client\manifest.json
[debug] [2024-10-31T12:37:38.874Z] [unzip] Entry: client/robots.txt (compressed_size=26 bytes, uncompressed_size=26 bytes)
[debug] [2024-10-31T12:37:38.874Z] [unzip] Processing entry: client\robots.txt
[debug] [2024-10-31T12:37:38.874Z] [unzip] else mkdir: C:\Users\flori\.cache\firebase\emulators\ui-v1.14.0\client
[debug] [2024-10-31T12:37:38.875Z] [unzip] Writing file: C:\Users\flori\.cache\firebase\emulators\ui-v1.14.0\client\robots.txt
[debug] [2024-10-31T12:37:38.879Z] [unzip] Entry: client/mstile-150x150.png (compressed_size=2034 bytes, uncompressed_size=2034 bytes)
[debug] [2024-10-31T12:37:38.880Z] [unzip] Processing entry: client\mstile-150x150.png
[debug] [2024-10-31T12:37:38.880Z] [unzip] else mkdir: C:\Users\flori\.cache\firebase\emulators\ui-v1.14.0\client
[debug] [2024-10-31T12:37:38.881Z] [unzip] Writing file: C:\Users\flori\.cache\firebase\emulators\ui-v1.14.0\client\mstile-150x150.png
[debug] [2024-10-31T12:37:38.883Z] [unzip] Entry: client/assets/ (compressed_size=0 bytes, uncompressed_size=0 bytes)
[debug] [2024-10-31T12:37:38.883Z] [unzip] Processing entry: client\assets\
[debug] [2024-10-31T12:37:38.883Z] [unzip] mkdir: C:\Users\flori\.cache\firebase\emulators\ui-v1.14.0\client\assets\
[debug] [2024-10-31T12:37:38.884Z] [unzip] Entry: client/assets/index-ClZTY_JS.js.map (compressed_size=2328270 bytes, uncompressed_size=9947004 bytes)
[debug] [2024-10-31T12:37:38.885Z] [unzip] Processing entry: client\assets\index-ClZTY_JS.js.map
[debug] [2024-10-31T12:37:38.885Z] [unzip] else mkdir: C:\Users\flori\.cache\firebase\emulators\ui-v1.14.0\client\assets
[debug] [2024-10-31T12:37:38.885Z] [unzip] deflating: C:\Users\flori\.cache\firebase\emulators\ui-v1.14.0\client\assets\index-ClZTY_JS.js.map
[debug] [2024-10-31T12:37:39.066Z] [unzip] Entry: client/assets/index-ClZTY_JS.js (compressed_size=567195 bytes, uncompressed_size=2035940 bytes)
[debug] [2024-10-31T12:37:39.066Z] [unzip] Processing entry: client\assets\index-ClZTY_JS.js
[debug] [2024-10-31T12:37:39.067Z] [unzip] else mkdir: C:\Users\flori\.cache\firebase\emulators\ui-v1.14.0\client\assets
[debug] [2024-10-31T12:37:39.067Z] [unzip] deflating: C:\Users\flori\.cache\firebase\emulators\ui-v1.14.0\client\assets\index-ClZTY_JS.js
[debug] [2024-10-31T12:37:39.105Z] [unzip] Entry: client/assets/index-BdgySamB.css (compressed_size=35979 bytes, uncompressed_size=298654 bytes)
[debug] [2024-10-31T12:37:39.106Z] [unzip] Processing entry: client\assets\index-BdgySamB.css
[debug] [2024-10-31T12:37:39.106Z] [unzip] else mkdir: C:\Users\flori\.cache\firebase\emulators\ui-v1.14.0\client\assets
[debug] [2024-10-31T12:37:39.106Z] [unzip] deflating: C:\Users\flori\.cache\firebase\emulators\ui-v1.14.0\client\assets\index-BdgySamB.css
[debug] [2024-10-31T12:37:39.115Z] [unzip] Entry: client/assets/extensions/ (compressed_size=0 bytes, uncompressed_size=0 bytes)
[debug] [2024-10-31T12:37:39.115Z] [unzip] Processing entry: client\assets\extensions\
[debug] [2024-10-31T12:37:39.115Z] [unzip] mkdir: C:\Users\flori\.cache\firebase\emulators\ui-v1.14.0\client\assets\extensions\
[debug] [2024-10-31T12:37:39.117Z] [unzip] Entry: client/assets/extensions/default-extension.png (compressed_size=1646 bytes, uncompressed_size=1657 bytes)
[debug] [2024-10-31T12:37:39.117Z] [unzip] Processing entry: client\assets\extensions\default-extension.png
[debug] [2024-10-31T12:37:39.117Z] [unzip] else mkdir: C:\Users\flori\.cache\firebase\emulators\ui-v1.14.0\client\assets\extensions
[debug] [2024-10-31T12:37:39.117Z] [unzip] deflating: C:\Users\flori\.cache\firebase\emulators\ui-v1.14.0\client\assets\extensions\default-extension.png
[debug] [2024-10-31T12:37:39.122Z] [unzip] Entry: client/assets/img/ (compressed_size=0 bytes, uncompressed_size=0 bytes)
[debug] [2024-10-31T12:37:39.122Z] [unzip] Processing entry: client\assets\img\
[debug] [2024-10-31T12:37:39.122Z] [unzip] mkdir: C:\Users\flori\.cache\firebase\emulators\ui-v1.14.0\client\assets\img\
[debug] [2024-10-31T12:37:39.124Z] [unzip] Entry: client/assets/img/database.png (compressed_size=29449 bytes, uncompressed_size=29988 bytes)
[debug] [2024-10-31T12:37:39.124Z] [unzip] Processing entry: client\assets\img\database.png
[debug] [2024-10-31T12:37:39.124Z] [unzip] else mkdir: C:\Users\flori\.cache\firebase\emulators\ui-v1.14.0\client\assets\img
[debug] [2024-10-31T12:37:39.124Z] [unzip] deflating: C:\Users\flori\.cache\firebase\emulators\ui-v1.14.0\client\assets\img\database.png
[debug] [2024-10-31T12:37:39.140Z] [unzip] Entry: client/assets/provider-icons/ (compressed_size=0 bytes, uncompressed_size=0 bytes)
[debug] [2024-10-31T12:37:39.140Z] [unzip] Processing entry: client\assets\provider-icons\
[debug] [2024-10-31T12:37:39.140Z] [unzip] mkdir: C:\Users\flori\.cache\firebase\emulators\ui-v1.14.0\client\assets\provider-icons\
[debug] [2024-10-31T12:37:39.143Z] [unzip] Entry: client/assets/provider-icons/auth_service_saml.svg (compressed_size=575 bytes, uncompressed_size=1226 bytes)
[debug] [2024-10-31T12:37:39.143Z] [unzip] Processing entry: client\assets\provider-icons\auth_service_saml.svg
[debug] [2024-10-31T12:37:39.143Z] [unzip] else mkdir: C:\Users\flori\.cache\firebase\emulators\ui-v1.14.0\client\assets\provider-icons
[debug] [2024-10-31T12:37:39.144Z] [unzip] deflating: C:\Users\flori\.cache\firebase\emulators\ui-v1.14.0\client\assets\provider-icons\auth_service_saml.svg
[debug] [2024-10-31T12:37:39.150Z] [unzip] Entry: client/assets/provider-icons/auth_service_phone.svg (compressed_size=261 bytes, uncompressed_size=414 bytes)
[debug] [2024-10-31T12:37:39.150Z] [unzip] Processing entry: client\assets\provider-icons\auth_service_phone.svg
[debug] [2024-10-31T12:37:39.150Z] [unzip] else mkdir: C:\Users\flori\.cache\firebase\emulators\ui-v1.14.0\client\assets\provider-icons
[debug] [2024-10-31T12:37:39.151Z] [unzip] deflating: C:\Users\flori\.cache\firebase\emulators\ui-v1.14.0\client\assets\provider-icons\auth_service_phone.svg
[debug] [2024-10-31T12:37:39.155Z] [unzip] Entry: client/assets/provider-icons/auth_service_facebook.svg (compressed_size=289 bytes, uncompressed_size=457 bytes)
[debug] [2024-10-31T12:37:39.155Z] [unzip] Processing entry: client\assets\provider-icons\auth_service_facebook.svg
[debug] [2024-10-31T12:37:39.155Z] [unzip] else mkdir: C:\Users\flori\.cache\firebase\emulators\ui-v1.14.0\client\assets\provider-icons
[debug] [2024-10-31T12:37:39.156Z] [unzip] deflating: C:\Users\flori\.cache\firebase\emulators\ui-v1.14.0\client\assets\provider-icons\auth_service_facebook.svg
[debug] [2024-10-31T12:37:39.161Z] [unzip] Entry: client/assets/provider-icons/auth_service_game_center.svg (compressed_size=991 bytes, uncompressed_size=3921 bytes)
[debug] [2024-10-31T12:37:39.162Z] [unzip] Processing entry: client\assets\provider-icons\auth_service_game_center.svg
[debug] [2024-10-31T12:37:39.162Z] [unzip] else mkdir: C:\Users\flori\.cache\firebase\emulators\ui-v1.14.0\client\assets\provider-icons
[debug] [2024-10-31T12:37:39.162Z] [unzip] deflating: C:\Users\flori\.cache\firebase\emulators\ui-v1.14.0\client\assets\provider-icons\auth_service_game_center.svg
[debug] [2024-10-31T12:37:39.168Z] [unzip] Entry: client/assets/provider-icons/auth_service_apple.svg (compressed_size=230 bytes, uncompressed_size=334 bytes)
[debug] [2024-10-31T12:37:39.168Z] [unzip] Processing entry: client\assets\provider-icons\auth_service_apple.svg
[debug] [2024-10-31T12:37:39.168Z] [unzip] else mkdir: C:\Users\flori\.cache\firebase\emulators\ui-v1.14.0\client\assets\provider-icons
[debug] [2024-10-31T12:37:39.169Z] [unzip] deflating: C:\Users\flori\.cache\firebase\emulators\ui-v1.14.0\client\assets\provider-icons\auth_service_apple.svg
[debug] [2024-10-31T12:37:39.173Z] [unzip] Entry: client/assets/provider-icons/auth_service_github.svg (compressed_size=466 bytes, uncompressed_size=838 bytes)
[debug] [2024-10-31T12:37:39.173Z] [unzip] Processing entry: client\assets\provider-icons\auth_service_github.svg
[debug] [2024-10-31T12:37:39.173Z] [unzip] else mkdir: C:\Users\flori\.cache\firebase\emulators\ui-v1.14.0\client\assets\provider-icons
[debug] [2024-10-31T12:37:39.174Z] [unzip] deflating: C:\Users\flori\.cache\firebase\emulators\ui-v1.14.0\client\assets\provider-icons\auth_service_github.svg
[debug] [2024-10-31T12:37:39.177Z] [unzip] Entry: client/assets/provider-icons/auth_service_mslive.svg (compressed_size=203 bytes, uncompressed_size=378 bytes)
[debug] [2024-10-31T12:37:39.178Z] [unzip] Processing entry: client\assets\provider-icons\auth_service_mslive.svg
[debug] [2024-10-31T12:37:39.178Z] [unzip] else mkdir: C:\Users\flori\.cache\firebase\emulators\ui-v1.14.0\client\assets\provider-icons
[debug] [2024-10-31T12:37:39.178Z] [unzip] deflating: C:\Users\flori\.cache\firebase\emulators\ui-v1.14.0\client\assets\provider-icons\auth_service_mslive.svg
[debug] [2024-10-31T12:37:39.182Z] [unzip] Entry: client/assets/provider-icons/auth_service_yahoo.svg (compressed_size=577 bytes, uncompressed_size=1182 bytes)
[debug] [2024-10-31T12:37:39.182Z] [unzip] Processing entry: client\assets\provider-icons\auth_service_yahoo.svg
[debug] [2024-10-31T12:37:39.183Z] [unzip] else mkdir: C:\Users\flori\.cache\firebase\emulators\ui-v1.14.0\client\assets\provider-icons
[debug] [2024-10-31T12:37:39.184Z] [unzip] deflating: C:\Users\flori\.cache\firebase\emulators\ui-v1.14.0\client\assets\provider-icons\auth_service_yahoo.svg
[debug] [2024-10-31T12:37:39.188Z] [unzip] Entry: client/assets/provider-icons/auth_service_twitter.svg (compressed_size=444 bytes, uncompressed_size=751 bytes)
[debug] [2024-10-31T12:37:39.188Z] [unzip] Processing entry: client\assets\provider-icons\auth_service_twitter.svg
[debug] [2024-10-31T12:37:39.188Z] [unzip] else mkdir: C:\Users\flori\.cache\firebase\emulators\ui-v1.14.0\client\assets\provider-icons
[debug] [2024-10-31T12:37:39.190Z] [unzip] deflating: C:\Users\flori\.cache\firebase\emulators\ui-v1.14.0\client\assets\provider-icons\auth_service_twitter.svg
[debug] [2024-10-31T12:37:39.193Z] [unzip] Entry: client/assets/provider-icons/auth_service_play_games.svg (compressed_size=565 bytes, uncompressed_size=1173 bytes)
[debug] [2024-10-31T12:37:39.193Z] [unzip] Processing entry: client\assets\provider-icons\auth_service_play_games.svg
[debug] [2024-10-31T12:37:39.193Z] [unzip] else mkdir: C:\Users\flori\.cache\firebase\emulators\ui-v1.14.0\client\assets\provider-icons
[debug] [2024-10-31T12:37:39.194Z] [unzip] deflating: C:\Users\flori\.cache\firebase\emulators\ui-v1.14.0\client\assets\provider-icons\auth_service_play_games.svg
[debug] [2024-10-31T12:37:39.198Z] [unzip] Entry: client/assets/provider-icons/auth_service_email.svg (compressed_size=228 bytes, uncompressed_size=326 bytes)
[debug] [2024-10-31T12:37:39.199Z] [unzip] Processing entry: client\assets\provider-icons\auth_service_email.svg
[debug] [2024-10-31T12:37:39.199Z] [unzip] else mkdir: C:\Users\flori\.cache\firebase\emulators\ui-v1.14.0\client\assets\provider-icons
[debug] [2024-10-31T12:37:39.199Z] [unzip] deflating: C:\Users\flori\.cache\firebase\emulators\ui-v1.14.0\client\assets\provider-icons\auth_service_email.svg
[debug] [2024-10-31T12:37:39.204Z] [unzip] Entry: client/assets/provider-icons/auth_service_google.svg (compressed_size=409 bytes, uncompressed_size=720 bytes)
[debug] [2024-10-31T12:37:39.204Z] [unzip] Processing entry: client\assets\provider-icons\auth_service_google.svg
[debug] [2024-10-31T12:37:39.204Z] [unzip] else mkdir: C:\Users\flori\.cache\firebase\emulators\ui-v1.14.0\client\assets\provider-icons
[debug] [2024-10-31T12:37:39.205Z] [unzip] deflating: C:\Users\flori\.cache\firebase\emulators\ui-v1.14.0\client\assets\provider-icons\auth_service_google.svg
[debug] [2024-10-31T12:37:39.212Z] [unzip] Entry: client/assets/provider-icons/auth_service_oidc.svg (compressed_size=414 bytes, uncompressed_size=858 bytes)
[debug] [2024-10-31T12:37:39.220Z] [unzip] Processing entry: client\assets\provider-icons\auth_service_oidc.svg
[debug] [2024-10-31T12:37:39.221Z] [unzip] else mkdir: C:\Users\flori\.cache\firebase\emulators\ui-v1.14.0\client\assets\provider-icons
[debug] [2024-10-31T12:37:39.221Z] [unzip] deflating: C:\Users\flori\.cache\firebase\emulators\ui-v1.14.0\client\assets\provider-icons\auth_service_oidc.svg
[debug] [2024-10-31T12:37:39.226Z] [unzip] Entry: client/browserconfig.xml (compressed_size=491 bytes, uncompressed_size=822 bytes)
[debug] [2024-10-31T12:37:39.227Z] [unzip] Processing entry: client\browserconfig.xml
[debug] [2024-10-31T12:37:39.227Z] [unzip] else mkdir: C:\Users\flori\.cache\firebase\emulators\ui-v1.14.0\client
[debug] [2024-10-31T12:37:39.228Z] [unzip] deflating: C:\Users\flori\.cache\firebase\emulators\ui-v1.14.0\client\browserconfig.xml
[debug] [2024-10-31T12:37:39.233Z] [unzip] Entry: client/favicon-32x32.png (compressed_size=475 bytes, uncompressed_size=475 bytes)
[debug] [2024-10-31T12:37:39.234Z] [unzip] Processing entry: client\favicon-32x32.png
[debug] [2024-10-31T12:37:39.234Z] [unzip] else mkdir: C:\Users\flori\.cache\firebase\emulators\ui-v1.14.0\client
[debug] [2024-10-31T12:37:39.234Z] [unzip] Writing file: C:\Users\flori\.cache\firebase\emulators\ui-v1.14.0\client\favicon-32x32.png
[debug] [2024-10-31T12:37:39.238Z] [unzip] Entry: server/ (compressed_size=0 bytes, uncompressed_size=0 bytes)
[debug] [2024-10-31T12:37:39.238Z] [unzip] Processing entry: server\
[debug] [2024-10-31T12:37:39.239Z] [unzip] mkdir: C:\Users\flori\.cache\firebase\emulators\ui-v1.14.0\server\
[debug] [2024-10-31T12:37:39.239Z] [unzip] Entry: server/server.mjs.map (compressed_size=296496 bytes, uncompressed_size=1355667 bytes)
[debug] [2024-10-31T12:37:39.240Z] [unzip] Processing entry: server\server.mjs.map
[debug] [2024-10-31T12:37:39.240Z] [unzip] else mkdir: C:\Users\flori\.cache\firebase\emulators\ui-v1.14.0\server
[debug] [2024-10-31T12:37:39.241Z] [unzip] deflating: C:\Users\flori\.cache\firebase\emulators\ui-v1.14.0\server\server.mjs.map
[debug] [2024-10-31T12:37:39.266Z] [unzip] Entry: server/server.mjs (compressed_size=315701 bytes, uncompressed_size=1172682 bytes)
[debug] [2024-10-31T12:37:39.266Z] [unzip] Processing entry: server\server.mjs
[debug] [2024-10-31T12:37:39.266Z] [unzip] else mkdir: C:\Users\flori\.cache\firebase\emulators\ui-v1.14.0\server
[debug] [2024-10-31T12:37:39.267Z] [unzip] deflating: C:\Users\flori\.cache\firebase\emulators\ui-v1.14.0\server\server.mjs
[debug] [2024-10-31T12:37:39.288Z] [unzip] Entry: server/assets/ (compressed_size=0 bytes, uncompressed_size=0 bytes)
[debug] [2024-10-31T12:37:39.288Z] [unzip] Processing entry: server\assets\
[debug] [2024-10-31T12:37:39.288Z] [unzip] mkdir: C:\Users\flori\.cache\firebase\emulators\ui-v1.14.0\server\assets\
[debug] [2024-10-31T12:37:39.290Z] [unzip] Entry: server/assets/multipart-parser-DGCUZdXu.mjs.map (compressed_size=4791 bytes, uncompressed_size=17918 bytes)
[debug] [2024-10-31T12:37:39.291Z] [unzip] Processing entry: server\assets\multipart-parser-DGCUZdXu.mjs.map
[debug] [2024-10-31T12:37:39.291Z] [unzip] else mkdir: C:\Users\flori\.cache\firebase\emulators\ui-v1.14.0\server\assets
[debug] [2024-10-31T12:37:39.292Z] [unzip] deflating: C:\Users\flori\.cache\firebase\emulators\ui-v1.14.0\server\assets\multipart-parser-DGCUZdXu.mjs.map
[debug] [2024-10-31T12:37:39.296Z] [unzip] Entry: server/assets/multipart-parser-DGCUZdXu.mjs (compressed_size=2621 bytes, uncompressed_size=10390 bytes)
[debug] [2024-10-31T12:37:39.296Z] [unzip] Processing entry: server\assets\multipart-parser-DGCUZdXu.mjs
[debug] [2024-10-31T12:37:39.297Z] [unzip] else mkdir: C:\Users\flori\.cache\firebase\emulators\ui-v1.14.0\server\assets
[debug] [2024-10-31T12:37:39.298Z] [unzip] deflating: C:\Users\flori\.cache\firebase\emulators\ui-v1.14.0\server\assets\multipart-parser-DGCUZdXu.mjs
[debug] [2024-10-31T12:37:39.303Z] Ignoring unsupported arg: auto_download {"metadata":{"emulator":{"name":"ui"},"message":"Ignoring unsupported arg: auto_download"}}
[debug] [2024-10-31T12:37:39.303Z] Ignoring unsupported arg: port {"metadata":{"emulator":{"name":"ui"},"message":"Ignoring unsupported arg: port"}}
[debug] [2024-10-31T12:37:39.303Z] Starting Emulator UI with command {"binary":"node","args":["C:\\Users\\flori\\.cache\\firebase\\emulators\\ui-v1.14.0\\server\\server.mjs"],"optionalArgs":[],"joinArgs":false,"shell":false,"port":4000} {"metadata":{"emulator":{"name":"ui"},"message":"Starting Emulator UI with command {\"binary\":\"node\",\"args\":[\"C:\\\\Users\\\\flori\\\\.cache\\\\firebase\\\\emulators\\\\ui-v1.14.0\\\\server\\\\server.mjs\"],\"optionalArgs\":[],\"joinArgs\":false,\"shell\":false,\"port\":4000}"}}
[info] i  ui: Emulator UI logging to ui-debug.log {"metadata":{"emulator":{"name":"ui"},"message":"Emulator UI logging to \u001b[1mui-debug.log\u001b[22m"}}
[debug] [2024-10-31T12:37:39.711Z] Web / API server started at 127.0.0.1:4000
 {"metadata":{"emulator":{"name":"ui"},"message":"Web / API server started at 127.0.0.1:4000\n"}}
[debug] [2024-10-31T12:37:39.711Z] Web / API server started at ::1:4000
 {"metadata":{"emulator":{"name":"ui"},"message":"Web / API server started at ::1:4000\n"}}
[debug] [2024-10-31T12:37:39.761Z] >>> [apiv2][query] PUT http://127.0.0.1:9000/.settings/rules.json ns=geoprofs-3f4e4-default-rtdb
[debug] [2024-10-31T12:37:39.762Z] >>> [apiv2][body] PUT http://127.0.0.1:9000/.settings/rules.json "{\r\n  \"rules\": {\r\n    \".read\": false,\r\n    \".write\": false\r\n  }\r\n}"
[debug] [2024-10-31T12:37:41.259Z] <<< [apiv2][status] PUT http://127.0.0.1:9000/.settings/rules.json 200
[debug] [2024-10-31T12:37:41.260Z] <<< [apiv2][body] PUT http://127.0.0.1:9000/.settings/rules.json {"status":"ok"}
[debug] [2024-10-31T12:37:41.273Z] Could not find VSCode notification endpoint: FetchError: request to http://localhost:40001/vscode/notify failed, reason: . If you are not running the Firebase Data Connect VSCode extension, this is expected and not an issue.
[info] 
┌─────────────────────────────────────────────────────────────┐
│ ✔  All emulators ready! It is now safe to connect your app. │
│ i  View Emulator UI at http://127.0.0.1:4000/               │
└─────────────────────────────────────────────────────────────┘

┌────────────────┬────────────────┬─────────────────────────────────┐
│ Emulator       │ Host:Port      │ View in Emulator UI             │
├────────────────┼────────────────┼─────────────────────────────────┤
│ Authentication │ 127.0.0.1:9099 │ http://127.0.0.1:4000/auth      │
├────────────────┼────────────────┼─────────────────────────────────┤
│ Firestore      │ 127.0.0.1:8080 │ http://127.0.0.1:4000/firestore │
├────────────────┼────────────────┼─────────────────────────────────┤
│ Database       │ 127.0.0.1:9000 │ http://127.0.0.1:4000/database  │
├────────────────┼────────────────┼─────────────────────────────────┤
│ Storage        │ 127.0.0.1:9199 │ http://127.0.0.1:4000/storage   │
└────────────────┴────────────────┴─────────────────────────────────┘
  Emulator Hub running at 127.0.0.1:4400
  Other reserved ports: 4500, 9150

Issues? Report them at https://github.com/firebase/firebase-tools/issues and attach the *-debug.log files.
 
